<?xml version="1.0" encoding="UTF-8"?>
<coverage generated="1725981577299" clover="3.2.0">
  <project timestamp="1725981577299" name="All files">
    <metrics statements="77" coveredstatements="75" conditionals="24" coveredconditionals="22" methods="3" coveredmethods="3" elements="104" coveredelements="100" complexity="0" loc="77" ncloc="77" packages="1" files="1" classes="1"/>
    <file name="recintos-zoo.js" path="C:\Users\GABRIEL\Desktop\StartDB2024\src\recintos-zoo.js">
      <metrics statements="77" coveredstatements="75" conditionals="24" coveredconditionals="22" methods="3" coveredmethods="3"/>
      <line num="1" count="1" type="stmt"/>
      <line num="2" count="1" type="cond" truecount="1" falsecount="0"/>
      <line num="3" count="8" type="stmt"/>
      <line num="4" count="8" type="stmt"/>
      <line num="5" count="8" type="stmt"/>
      <line num="6" count="8" type="stmt"/>
      <line num="7" count="8" type="stmt"/>
      <line num="8" count="8" type="stmt"/>
      <line num="9" count="8" type="stmt"/>
      <line num="10" count="8" type="stmt"/>
      <line num="11" count="8" type="stmt"/>
      <line num="12" count="8" type="stmt"/>
      <line num="13" count="8" type="stmt"/>
      <line num="14" count="8" type="stmt"/>
      <line num="15" count="8" type="stmt"/>
      <line num="16" count="8" type="stmt"/>
      <line num="17" count="8" type="stmt"/>
      <line num="18" count="8" type="stmt"/>
      <line num="19" count="8" type="stmt"/>
      <line num="20" count="1" type="stmt"/>
      <line num="21" count="1" type="cond" truecount="1" falsecount="0"/>
      <line num="22" count="8" type="cond" truecount="1" falsecount="0"/>
      <line num="23" count="1" type="stmt"/>
      <line num="24" count="1" type="cond" truecount="1" falsecount="0"/>
      <line num="25" count="7" type="stmt"/>
      <line num="26" count="8" type="cond" truecount="1" falsecount="0"/>
      <line num="27" count="1" type="stmt"/>
      <line num="28" count="1" type="cond" truecount="1" falsecount="0"/>
      <line num="29" count="6" type="stmt"/>
      <line num="30" count="6" type="stmt"/>
      <line num="31" count="6" type="stmt"/>
      <line num="32" count="6" type="stmt"/>
      <line num="33" count="8" type="cond" truecount="1" falsecount="0"/>
      <line num="34" count="30" type="cond" truecount="1" falsecount="0"/>
      <line num="35" count="17" type="cond" truecount="1" falsecount="0"/>
      <line num="36" count="12" type="stmt"/>
      <line num="37" count="17" type="stmt"/>
      <line num="38" count="17" type="stmt"/>
      <line num="39" count="17" type="stmt"/>
      <line num="40" count="17" type="stmt"/>
      <line num="41" count="17" type="stmt"/>
      <line num="42" count="17" type="stmt"/>
      <line num="43" count="17" type="stmt"/>
      <line num="44" count="17" type="cond" truecount="1" falsecount="0"/>
      <line num="45" count="13" type="stmt"/>
      <line num="46" count="13" type="stmt"/>
      <line num="47" count="17" type="stmt"/>
      <line num="48" count="30" type="cond" truecount="1" falsecount="0"/>
      <line num="49" count="6" type="stmt"/>
      <line num="50" count="8" type="cond" truecount="1" falsecount="0"/>
      <line num="51" count="2" type="stmt"/>
      <line num="52" count="2" type="cond" truecount="1" falsecount="0"/>
      <line num="53" count="4" type="stmt"/>
      <line num="54" count="4" type="stmt"/>
      <line num="55" count="4" type="stmt"/>
      <line num="56" count="1" type="stmt"/>
      <line num="57" count="1" type="cond" truecount="1" falsecount="0"/>
      <line num="58" count="30" type="stmt"/>
      <line num="59" count="30" type="cond" truecount="2" falsecount="0"/>
      <line num="60" count="9" type="stmt"/>
      <line num="61" count="9" type="cond" truecount="1" falsecount="0"/>
      <line num="62" count="21" type="stmt"/>
      <line num="63" count="21" type="stmt"/>
      <line num="64" count="30" type="cond" truecount="3" falsecount="0"/>
      <line num="65" count="4" type="stmt"/>
      <line num="66" count="4" type="cond" truecount="1" falsecount="0"/>
      <line num="67" count="17" type="stmt"/>
      <line num="68" count="17" type="stmt"/>
      <line num="69" count="30" type="cond" truecount="0" falsecount="2"/>
      <line num="70" count="0" type="stmt"/>
      <line num="71" count="0" type="cond" truecount="1" falsecount="0"/>
      <line num="72" count="17" type="stmt"/>
      <line num="73" count="17" type="stmt"/>
      <line num="74" count="17" type="stmt"/>
      <line num="75" count="1" type="stmt"/>
      <line num="76" count="1" type="stmt"/>
      <line num="77" count="1" type="stmt"/>
    </file>
  </project>
</coverage>
