{"C:\\Users\\GABRIEL\\Desktop\\StartDB2024\\src\\recintos-zoo.js": {"path":"C:\\Users\\GABRIEL\\Desktop\\StartDB2024\\src\\recintos-zoo.js","all":false,"statementMap":{"0":{"start":{"line":1,"column":0},"end":{"line":1,"column":19}},"1":{"start":{"line":2,"column":0},"end":{"line":2,"column":19}},"2":{"start":{"line":3,"column":0},"end":{"line":3,"column":25}},"3":{"start":{"line":4,"column":0},"end":{"line":4,"column":112}},"4":{"start":{"line":5,"column":0},"end":{"line":5,"column":77}},"5":{"start":{"line":6,"column":0},"end":{"line":6,"column":118}},"6":{"start":{"line":7,"column":0},"end":{"line":7,"column":72}},"7":{"start":{"line":8,"column":0},"end":{"line":8,"column":108}},"8":{"start":{"line":9,"column":0},"end":{"line":9,"column":10}},"9":{"start":{"line":10,"column":0},"end":{"line":10,"column":0}},"10":{"start":{"line":11,"column":0},"end":{"line":11,"column":24}},"11":{"start":{"line":12,"column":0},"end":{"line":12,"column":70}},"12":{"start":{"line":13,"column":0},"end":{"line":13,"column":74}},"13":{"start":{"line":14,"column":0},"end":{"line":14,"column":72}},"14":{"start":{"line":15,"column":0},"end":{"line":15,"column":85}},"15":{"start":{"line":16,"column":0},"end":{"line":16,"column":73}},"16":{"start":{"line":17,"column":0},"end":{"line":17,"column":83}},"17":{"start":{"line":18,"column":0},"end":{"line":18,"column":10}},"18":{"start":{"line":19,"column":0},"end":{"line":19,"column":5}},"19":{"start":{"line":20,"column":0},"end":{"line":20,"column":0}},"20":{"start":{"line":21,"column":0},"end":{"line":21,"column":41}},"21":{"start":{"line":22,"column":0},"end":{"line":22,"column":36}},"22":{"start":{"line":23,"column":0},"end":{"line":23,"column":47}},"23":{"start":{"line":24,"column":0},"end":{"line":24,"column":9}},"24":{"start":{"line":25,"column":0},"end":{"line":25,"column":0}},"25":{"start":{"line":26,"column":0},"end":{"line":26,"column":30}},"26":{"start":{"line":27,"column":0},"end":{"line":27,"column":51}},"27":{"start":{"line":28,"column":0},"end":{"line":28,"column":9}},"28":{"start":{"line":29,"column":0},"end":{"line":29,"column":0}},"29":{"start":{"line":30,"column":0},"end":{"line":30,"column":48}},"30":{"start":{"line":31,"column":0},"end":{"line":31,"column":35}},"31":{"start":{"line":32,"column":0},"end":{"line":32,"column":0}},"32":{"start":{"line":33,"column":0},"end":{"line":33,"column":46}},"33":{"start":{"line":34,"column":0},"end":{"line":34,"column":68}},"34":{"start":{"line":35,"column":0},"end":{"line":35,"column":79}},"35":{"start":{"line":36,"column":0},"end":{"line":36,"column":92}},"36":{"start":{"line":37,"column":0},"end":{"line":37,"column":22}},"37":{"start":{"line":38,"column":0},"end":{"line":38,"column":0}},"38":{"start":{"line":39,"column":0},"end":{"line":39,"column":16}},"39":{"start":{"line":40,"column":0},"end":{"line":40,"column":73}},"40":{"start":{"line":41,"column":0},"end":{"line":41,"column":92}},"41":{"start":{"line":42,"column":0},"end":{"line":42,"column":0}},"42":{"start":{"line":43,"column":0},"end":{"line":43,"column":16}},"43":{"start":{"line":44,"column":0},"end":{"line":44,"column":39}},"44":{"start":{"line":45,"column":0},"end":{"line":45,"column":132}},"45":{"start":{"line":46,"column":0},"end":{"line":46,"column":17}},"46":{"start":{"line":47,"column":0},"end":{"line":47,"column":13}},"47":{"start":{"line":48,"column":0},"end":{"line":48,"column":9}},"48":{"start":{"line":49,"column":0},"end":{"line":49,"column":0}},"49":{"start":{"line":50,"column":0},"end":{"line":50,"column":43}},"50":{"start":{"line":51,"column":0},"end":{"line":51,"column":53}},"51":{"start":{"line":52,"column":0},"end":{"line":52,"column":9}},"52":{"start":{"line":53,"column":0},"end":{"line":53,"column":0}},"53":{"start":{"line":54,"column":0},"end":{"line":54,"column":35}},"54":{"start":{"line":55,"column":0},"end":{"line":55,"column":5}},"55":{"start":{"line":56,"column":0},"end":{"line":56,"column":0}},"56":{"start":{"line":57,"column":0},"end":{"line":57,"column":50}},"57":{"start":{"line":58,"column":0},"end":{"line":58,"column":7}},"58":{"start":{"line":59,"column":0},"end":{"line":59,"column":78}},"59":{"start":{"line":60,"column":0},"end":{"line":60,"column":25}},"60":{"start":{"line":61,"column":0},"end":{"line":61,"column":9}},"61":{"start":{"line":62,"column":0},"end":{"line":62,"column":0}},"62":{"start":{"line":63,"column":0},"end":{"line":63,"column":8}},"63":{"start":{"line":64,"column":0},"end":{"line":64,"column":118}},"64":{"start":{"line":65,"column":0},"end":{"line":65,"column":25}},"65":{"start":{"line":66,"column":0},"end":{"line":66,"column":9}},"66":{"start":{"line":67,"column":0},"end":{"line":67,"column":0}},"67":{"start":{"line":68,"column":0},"end":{"line":68,"column":8}},"68":{"start":{"line":69,"column":0},"end":{"line":69,"column":84}},"69":{"start":{"line":70,"column":0},"end":{"line":70,"column":25}},"70":{"start":{"line":71,"column":0},"end":{"line":71,"column":9}},"71":{"start":{"line":72,"column":0},"end":{"line":72,"column":0}},"72":{"start":{"line":73,"column":0},"end":{"line":73,"column":20}},"73":{"start":{"line":74,"column":0},"end":{"line":74,"column":5}},"74":{"start":{"line":75,"column":0},"end":{"line":75,"column":1}},"75":{"start":{"line":76,"column":0},"end":{"line":76,"column":0}},"76":{"start":{"line":77,"column":0},"end":{"line":77,"column":38}}},"s":{"0":1,"1":1,"2":8,"3":8,"4":8,"5":8,"6":8,"7":8,"8":8,"9":8,"10":8,"11":8,"12":8,"13":8,"14":8,"15":8,"16":8,"17":8,"18":8,"19":1,"20":1,"21":8,"22":1,"23":1,"24":7,"25":8,"26":1,"27":1,"28":6,"29":6,"30":6,"31":6,"32":8,"33":30,"34":17,"35":12,"36":17,"37":17,"38":17,"39":17,"40":17,"41":17,"42":17,"43":17,"44":13,"45":13,"46":17,"47":30,"48":6,"49":8,"50":2,"51":2,"52":4,"53":4,"54":4,"55":1,"56":1,"57":30,"58":30,"59":9,"60":9,"61":21,"62":21,"63":30,"64":4,"65":4,"66":17,"67":17,"68":30,"69":0,"70":0,"71":17,"72":17,"73":17,"74":1,"75":1,"76":1},"branchMap":{"0":{"type":"branch","line":2,"loc":{"start":{"line":2,"column":4},"end":{"line":19,"column":5}},"locations":[{"start":{"line":2,"column":4},"end":{"line":19,"column":5}}]},"1":{"type":"branch","line":21,"loc":{"start":{"line":21,"column":4},"end":{"line":55,"column":5}},"locations":[{"start":{"line":21,"column":4},"end":{"line":55,"column":5}}]},"2":{"type":"branch","line":22,"loc":{"start":{"line":22,"column":35},"end":{"line":24,"column":9}},"locations":[{"start":{"line":22,"column":35},"end":{"line":24,"column":9}}]},"3":{"type":"branch","line":24,"loc":{"start":{"line":24,"column":8},"end":{"line":26,"column":29}},"locations":[{"start":{"line":24,"column":8},"end":{"line":26,"column":29}}]},"4":{"type":"branch","line":26,"loc":{"start":{"line":26,"column":29},"end":{"line":28,"column":9}},"locations":[{"start":{"line":26,"column":29},"end":{"line":28,"column":9}}]},"5":{"type":"branch","line":28,"loc":{"start":{"line":28,"column":8},"end":{"line":33,"column":45}},"locations":[{"start":{"line":28,"column":8},"end":{"line":33,"column":45}}]},"6":{"type":"branch","line":33,"loc":{"start":{"line":33,"column":45},"end":{"line":48,"column":9}},"locations":[{"start":{"line":33,"column":45},"end":{"line":48,"column":9}}]},"7":{"type":"branch","line":34,"loc":{"start":{"line":34,"column":67},"end":{"line":47,"column":13}},"locations":[{"start":{"line":34,"column":67},"end":{"line":47,"column":13}}]},"8":{"type":"branch","line":44,"loc":{"start":{"line":44,"column":38},"end":{"line":46,"column":17}},"locations":[{"start":{"line":44,"column":38},"end":{"line":46,"column":17}}]},"9":{"type":"branch","line":48,"loc":{"start":{"line":48,"column":8},"end":{"line":50,"column":42}},"locations":[{"start":{"line":48,"column":8},"end":{"line":50,"column":42}}]},"10":{"type":"branch","line":50,"loc":{"start":{"line":50,"column":42},"end":{"line":52,"column":9}},"locations":[{"start":{"line":50,"column":42},"end":{"line":52,"column":9}}]},"11":{"type":"branch","line":52,"loc":{"start":{"line":52,"column":8},"end":{"line":55,"column":5}},"locations":[{"start":{"line":52,"column":8},"end":{"line":55,"column":5}}]},"12":{"type":"branch","line":35,"loc":{"start":{"line":35,"column":61},"end":{"line":37,"column":17}},"locations":[{"start":{"line":35,"column":61},"end":{"line":37,"column":17}}]},"13":{"type":"branch","line":57,"loc":{"start":{"line":57,"column":4},"end":{"line":74,"column":5}},"locations":[{"start":{"line":57,"column":4},"end":{"line":74,"column":5}}]},"14":{"type":"branch","line":59,"loc":{"start":{"line":59,"column":77},"end":{"line":61,"column":9}},"locations":[{"start":{"line":59,"column":77},"end":{"line":61,"column":9}}]},"15":{"type":"branch","line":61,"loc":{"start":{"line":61,"column":8},"end":{"line":64,"column":36}},"locations":[{"start":{"line":61,"column":8},"end":{"line":64,"column":36}}]},"16":{"type":"branch","line":64,"loc":{"start":{"line":64,"column":32},"end":{"line":64,"column":62}},"locations":[{"start":{"line":64,"column":32},"end":{"line":64,"column":62}}]},"17":{"type":"branch","line":64,"loc":{"start":{"line":64,"column":62},"end":{"line":64,"column":115}},"locations":[{"start":{"line":64,"column":62},"end":{"line":64,"column":115}}]},"18":{"type":"branch","line":64,"loc":{"start":{"line":64,"column":117},"end":{"line":66,"column":9}},"locations":[{"start":{"line":64,"column":117},"end":{"line":66,"column":9}}]},"19":{"type":"branch","line":66,"loc":{"start":{"line":66,"column":8},"end":{"line":69,"column":51}},"locations":[{"start":{"line":66,"column":8},"end":{"line":69,"column":51}}]},"20":{"type":"branch","line":69,"loc":{"start":{"line":69,"column":47},"end":{"line":69,"column":81}},"locations":[{"start":{"line":69,"column":47},"end":{"line":69,"column":81}}]},"21":{"type":"branch","line":69,"loc":{"start":{"line":69,"column":83},"end":{"line":71,"column":9}},"locations":[{"start":{"line":69,"column":83},"end":{"line":71,"column":9}}]},"22":{"type":"branch","line":71,"loc":{"start":{"line":71,"column":8},"end":{"line":74,"column":5}},"locations":[{"start":{"line":71,"column":8},"end":{"line":74,"column":5}}]},"23":{"type":"branch","line":59,"loc":{"start":{"line":59,"column":36},"end":{"line":59,"column":74}},"locations":[{"start":{"line":59,"column":36},"end":{"line":59,"column":74}}]}},"b":{"0":[8],"1":[8],"2":[1],"3":[7],"4":[1],"5":[6],"6":[30],"7":[17],"8":[13],"9":[6],"10":[2],"11":[4],"12":[12],"13":[30],"14":[9],"15":[21],"16":[5],"17":[4],"18":[4],"19":[17],"20":[0],"21":[0],"22":[17],"23":[38]},"fnMap":{"0":{"name":"RecintosZoo","decl":{"start":{"line":2,"column":4},"end":{"line":19,"column":5}},"loc":{"start":{"line":2,"column":4},"end":{"line":19,"column":5}},"line":2},"1":{"name":"analisaRecintos","decl":{"start":{"line":21,"column":4},"end":{"line":55,"column":5}},"loc":{"start":{"line":21,"column":4},"end":{"line":55,"column":5}},"line":21},"2":{"name":"podeHabitar","decl":{"start":{"line":57,"column":4},"end":{"line":74,"column":5}},"loc":{"start":{"line":57,"column":4},"end":{"line":74,"column":5}},"line":57}},"f":{"0":8,"1":8,"2":30}}
}
