TN:
SF:src\recintos-zoo.js
FN:2,RecintosZoo
FN:21,analisaRecintos
FN:57,podeHabitar
FNF:3
FNH:3
FNDA:8,RecintosZoo
FNDA:8,analisaRecintos
FNDA:30,podeHabitar
DA:1,1
DA:2,1
DA:3,8
DA:4,8
DA:5,8
DA:6,8
DA:7,8
DA:8,8
DA:9,8
DA:10,8
DA:11,8
DA:12,8
DA:13,8
DA:14,8
DA:15,8
DA:16,8
DA:17,8
DA:18,8
DA:19,8
DA:20,1
DA:21,1
DA:22,8
DA:23,1
DA:24,1
DA:25,7
DA:26,8
DA:27,1
DA:28,1
DA:29,6
DA:30,6
DA:31,6
DA:32,6
DA:33,8
DA:34,30
DA:35,17
DA:36,12
DA:37,17
DA:38,17
DA:39,17
DA:40,17
DA:41,17
DA:42,17
DA:43,17
DA:44,17
DA:45,13
DA:46,13
DA:47,17
DA:48,30
DA:49,6
DA:50,8
DA:51,2
DA:52,2
DA:53,4
DA:54,4
DA:55,4
DA:56,1
DA:57,1
DA:58,30
DA:59,30
DA:60,9
DA:61,9
DA:62,21
DA:63,21
DA:64,30
DA:65,4
DA:66,4
DA:67,17
DA:68,17
DA:69,30
DA:70,0
DA:71,0
DA:72,17
DA:73,17
DA:74,17
DA:75,1
DA:76,1
DA:77,1
LF:77
LH:75
BRDA:2,0,0,8
BRDA:21,1,0,8
BRDA:22,2,0,1
BRDA:24,3,0,7
BRDA:26,4,0,1
BRDA:28,5,0,6
BRDA:33,6,0,30
BRDA:34,7,0,17
BRDA:44,8,0,13
BRDA:48,9,0,6
BRDA:50,10,0,2
BRDA:52,11,0,4
BRDA:35,12,0,12
BRDA:57,13,0,30
BRDA:59,14,0,9
BRDA:61,15,0,21
BRDA:64,16,0,5
BRDA:64,17,0,4
BRDA:64,18,0,4
BRDA:66,19,0,17
BRDA:69,20,0,0
BRDA:69,21,0,0
BRDA:71,22,0,17
BRDA:59,23,0,38
BRF:24
BRH:22
end_of_record
